  [1m[35m (2267.2ms)[0m  [1m[35mCREATE DATABASE "reddit_clone_development" ENCODING = 'unicode'[0m
  ↳ bin/rails:9
  [1m[35m (1714.5ms)[0m  [1m[35mCREATE DATABASE "reddit_clone_test" ENCODING = 'unicode'[0m
  ↳ bin/rails:9
  [1m[35m (20.2ms)[0m  [1m[35mCREATE TABLE "schema_migrations" ("version" character varying NOT NULL PRIMARY KEY)[0m
  ↳ bin/rails:9
  [1m[35m (7.1ms)[0m  [1m[35mCREATE TABLE "ar_internal_metadata" ("key" character varying NOT NULL PRIMARY KEY, "value" character varying, "created_at" timestamp NOT NULL, "updated_at" timestamp NOT NULL)[0m
  ↳ bin/rails:9
  [1m[35m (0.2ms)[0m  [1m[34mSELECT pg_try_advisory_lock(688274183373989625)[0m
  ↳ bin/rails:9
  [1m[35m (5.9ms)[0m  [1m[34mSELECT "schema_migrations"."version" FROM "schema_migrations" ORDER BY "schema_migrations"."version" ASC[0m
  ↳ bin/rails:9
Migrating to CreateUsers (20201214155700)
  [1m[35m (0.1ms)[0m  [1m[35mBEGIN[0m
  ↳ bin/rails:9
  [1m[35m (11.7ms)[0m  [1m[35mCREATE TABLE "users" ("id" bigserial primary key, "username" character varying NOT NULL, "password_digest" character varying NOT NULL, "session_token" character varying NOT NULL, "created_at" timestamp NOT NULL, "updated_at" timestamp NOT NULL)[0m
  ↳ db/migrate/20201214155700_create_users.rb:3
  [1m[35m (3.0ms)[0m  [1m[35mCREATE UNIQUE INDEX  "index_users_on_username" ON "users"  ("username")[0m
  ↳ db/migrate/20201214155700_create_users.rb:11
  [1m[35m (2.8ms)[0m  [1m[35mCREATE UNIQUE INDEX  "index_users_on_session_token" ON "users"  ("session_token")[0m
  ↳ db/migrate/20201214155700_create_users.rb:12
  [1m[36mActiveRecord::SchemaMigration Create (1.9ms)[0m  [1m[32mINSERT INTO "schema_migrations" ("version") VALUES ($1) RETURNING "version"[0m  [["version", "20201214155700"]]
  ↳ bin/rails:9
  [1m[35m (2.0ms)[0m  [1m[35mCOMMIT[0m
  ↳ bin/rails:9
  [1m[36mActiveRecord::InternalMetadata Load (6.7ms)[0m  [1m[34mSELECT  "ar_internal_metadata".* FROM "ar_internal_metadata" WHERE "ar_internal_metadata"."key" = $1 LIMIT $2[0m  [["key", "environment"], ["LIMIT", 1]]
  ↳ bin/rails:9
  [1m[35m (0.1ms)[0m  [1m[35mBEGIN[0m
  ↳ bin/rails:9
  [1m[36mActiveRecord::InternalMetadata Create (0.6ms)[0m  [1m[32mINSERT INTO "ar_internal_metadata" ("key", "value", "created_at", "updated_at") VALUES ($1, $2, $3, $4) RETURNING "key"[0m  [["key", "environment"], ["value", "development"], ["created_at", "2020-12-14 15:58:54.639759"], ["updated_at", "2020-12-14 15:58:54.639759"]]
  ↳ bin/rails:9
  [1m[35m (1.1ms)[0m  [1m[35mCOMMIT[0m
  ↳ bin/rails:9
  [1m[35m (0.2ms)[0m  [1m[34mSELECT pg_advisory_unlock(688274183373989625)[0m
  ↳ bin/rails:9
  [1m[35m (0.3ms)[0m  [1m[34mSELECT "schema_migrations"."version" FROM "schema_migrations" ORDER BY "schema_migrations"."version" ASC[0m
  ↳ bin/rails:9
  [1m[35m (11.2ms)[0m  [1m[34mSELECT "schema_migrations"."version" FROM "schema_migrations" ORDER BY "schema_migrations"."version" ASC[0m
  ↳ bin/rails:9
  [1m[35m (0.7ms)[0m  [1m[34mSELECT "schema_migrations"."version" FROM "schema_migrations" ORDER BY "schema_migrations"."version" ASC[0m
  ↳ bin/rails:9
  [1m[35m (0.7ms)[0m  [1m[34mSELECT "schema_migrations"."version" FROM "schema_migrations" ORDER BY "schema_migrations"."version" ASC[0m
  ↳ bin/rails:9
  [1m[36mUser Load (17.7ms)[0m  [1m[34mSELECT "users".* FROM "users"[0m
  ↳ db/seeds.rb:9
  [1m[35m (0.8ms)[0m  [1m[34mSELECT "schema_migrations"."version" FROM "schema_migrations" ORDER BY "schema_migrations"."version" ASC[0m
  ↳ bin/rails:9
  [1m[36mUser Load (0.7ms)[0m  [1m[34mSELECT "users".* FROM "users"[0m
  ↳ db/seeds.rb:9
  [1m[35m (1.5ms)[0m  [1m[34mSELECT "schema_migrations"."version" FROM "schema_migrations" ORDER BY "schema_migrations"."version" ASC[0m
  ↳ bin/rails:9
  [1m[36mUser Load (0.7ms)[0m  [1m[34mSELECT "users".* FROM "users"[0m
  ↳ db/seeds.rb:9
  [1m[35m (0.2ms)[0m  [1m[35mBEGIN[0m
  ↳ db/seeds.rb:12
  [1m[36mUser Exists (0.4ms)[0m  [1m[34mSELECT  1 AS one FROM "users" WHERE "users"."username" = $1 LIMIT $2[0m  [["username", "Despacito Man #1"], ["LIMIT", 1]]
  ↳ db/seeds.rb:12
  [1m[36mUser Exists (0.3ms)[0m  [1m[34mSELECT  1 AS one FROM "users" WHERE "users"."session_token" = $1 LIMIT $2[0m  [["session_token", "7ssxfhq9HKWoNv0Ct8g77Q=="], ["LIMIT", 1]]
  ↳ db/seeds.rb:12
  [1m[36mUser Create (1.5ms)[0m  [1m[32mINSERT INTO "users" ("username", "password_digest", "session_token", "created_at", "updated_at") VALUES ($1, $2, $3, $4, $5) RETURNING "id"[0m  [["username", "Despacito Man #1"], ["password_digest", "$2a$12$r7pL0MiWf0KAtnla7IrUGOuxOoQKL0ycXI4mdbMzI.PKrRG1xlHf6"], ["session_token", "7ssxfhq9HKWoNv0Ct8g77Q=="], ["created_at", "2020-12-14 16:12:22.070399"], ["updated_at", "2020-12-14 16:12:22.070399"]]
  ↳ db/seeds.rb:12
  [1m[35m (6.7ms)[0m  [1m[35mCOMMIT[0m
  ↳ db/seeds.rb:12
  [1m[35m (0.1ms)[0m  [1m[35mBEGIN[0m
  ↳ db/seeds.rb:12
  [1m[36mUser Exists (0.3ms)[0m  [1m[34mSELECT  1 AS one FROM "users" WHERE "users"."username" = $1 LIMIT $2[0m  [["username", "Despacito Man #2"], ["LIMIT", 1]]
  ↳ db/seeds.rb:12
  [1m[36mUser Exists (0.2ms)[0m  [1m[34mSELECT  1 AS one FROM "users" WHERE "users"."session_token" = $1 LIMIT $2[0m  [["session_token", "whnkDFSLm7HRhNF5rFFVjg=="], ["LIMIT", 1]]
  ↳ db/seeds.rb:12
  [1m[36mUser Create (0.2ms)[0m  [1m[32mINSERT INTO "users" ("username", "password_digest", "session_token", "created_at", "updated_at") VALUES ($1, $2, $3, $4, $5) RETURNING "id"[0m  [["username", "Despacito Man #2"], ["password_digest", "$2a$12$42AhVYQPOrVzZ3MyTe4/sOqnQRENpc9CedWWLflTNJYjv0Vo6gbAe"], ["session_token", "whnkDFSLm7HRhNF5rFFVjg=="], ["created_at", "2020-12-14 16:12:22.339084"], ["updated_at", "2020-12-14 16:12:22.339084"]]
  ↳ db/seeds.rb:12
  [1m[35m (1.4ms)[0m  [1m[35mCOMMIT[0m
  ↳ db/seeds.rb:12
  [1m[35m (0.2ms)[0m  [1m[35mBEGIN[0m
  ↳ db/seeds.rb:12
  [1m[36mUser Exists (0.5ms)[0m  [1m[34mSELECT  1 AS one FROM "users" WHERE "users"."username" = $1 LIMIT $2[0m  [["username", "Despacito Man #3"], ["LIMIT", 1]]
  ↳ db/seeds.rb:12
  [1m[36mUser Exists (0.2ms)[0m  [1m[34mSELECT  1 AS one FROM "users" WHERE "users"."session_token" = $1 LIMIT $2[0m  [["session_token", "EZbjsY5Z1oOZGlP1T+F7ZA=="], ["LIMIT", 1]]
  ↳ db/seeds.rb:12
  [1m[36mUser Create (0.2ms)[0m  [1m[32mINSERT INTO "users" ("username", "password_digest", "session_token", "created_at", "updated_at") VALUES ($1, $2, $3, $4, $5) RETURNING "id"[0m  [["username", "Despacito Man #3"], ["password_digest", "$2a$12$EU4JRBlU671b/eD82tfDeOuYU57vw4bArw.LkVc8IpXeIEHcpQ9S."], ["session_token", "EZbjsY5Z1oOZGlP1T+F7ZA=="], ["created_at", "2020-12-14 16:12:22.599138"], ["updated_at", "2020-12-14 16:12:22.599138"]]
  ↳ db/seeds.rb:12
  [1m[35m (1.6ms)[0m  [1m[35mCOMMIT[0m
  ↳ db/seeds.rb:12
  [1m[35m (0.2ms)[0m  [1m[35mBEGIN[0m
  ↳ db/seeds.rb:12
  [1m[36mUser Exists (0.3ms)[0m  [1m[34mSELECT  1 AS one FROM "users" WHERE "users"."username" = $1 LIMIT $2[0m  [["username", "Despacito Man #4"], ["LIMIT", 1]]
  ↳ db/seeds.rb:12
  [1m[36mUser Exists (0.3ms)[0m  [1m[34mSELECT  1 AS one FROM "users" WHERE "users"."session_token" = $1 LIMIT $2[0m  [["session_token", "0gQ2mvvZrjmRnd8KDOwbBg=="], ["LIMIT", 1]]
  ↳ db/seeds.rb:12
  [1m[36mUser Create (0.3ms)[0m  [1m[32mINSERT INTO "users" ("username", "password_digest", "session_token", "created_at", "updated_at") VALUES ($1, $2, $3, $4, $5) RETURNING "id"[0m  [["username", "Despacito Man #4"], ["password_digest", "$2a$12$80mjjoGi1XieGpoBAh/wtOPC2JhhHlEEpi2mIdqrJOZAPpsvphrBK"], ["session_token", "0gQ2mvvZrjmRnd8KDOwbBg=="], ["created_at", "2020-12-14 16:12:22.861245"], ["updated_at", "2020-12-14 16:12:22.861245"]]
  ↳ db/seeds.rb:12
  [1m[35m (1.8ms)[0m  [1m[35mCOMMIT[0m
  ↳ db/seeds.rb:12
  [1m[35m (0.2ms)[0m  [1m[35mBEGIN[0m
  ↳ db/seeds.rb:12
  [1m[36mUser Exists (0.3ms)[0m  [1m[34mSELECT  1 AS one FROM "users" WHERE "users"."username" = $1 LIMIT $2[0m  [["username", "Despacito Man #5"], ["LIMIT", 1]]
  ↳ db/seeds.rb:12
  [1m[36mUser Exists (0.3ms)[0m  [1m[34mSELECT  1 AS one FROM "users" WHERE "users"."session_token" = $1 LIMIT $2[0m  [["session_token", "wcH6LLlXEqeueWwN3S2j8A=="], ["LIMIT", 1]]
  ↳ db/seeds.rb:12
  [1m[36mUser Create (0.3ms)[0m  [1m[32mINSERT INTO "users" ("username", "password_digest", "session_token", "created_at", "updated_at") VALUES ($1, $2, $3, $4, $5) RETURNING "id"[0m  [["username", "Despacito Man #5"], ["password_digest", "$2a$12$R3z2t/yPjj49e90w0TzplO/qb6LH/M6oH.RyjLpkPyoA61ULGsVju"], ["session_token", "wcH6LLlXEqeueWwN3S2j8A=="], ["created_at", "2020-12-14 16:12:23.118982"], ["updated_at", "2020-12-14 16:12:23.118982"]]
  ↳ db/seeds.rb:12
  [1m[35m (1.8ms)[0m  [1m[35mCOMMIT[0m
  ↳ db/seeds.rb:12
  [1m[35m (0.2ms)[0m  [1m[35mBEGIN[0m
  ↳ db/seeds.rb:12
  [1m[36mUser Exists (0.3ms)[0m  [1m[34mSELECT  1 AS one FROM "users" WHERE "users"."username" = $1 LIMIT $2[0m  [["username", "Despacito Man #6"], ["LIMIT", 1]]
  ↳ db/seeds.rb:12
  [1m[36mUser Exists (0.2ms)[0m  [1m[34mSELECT  1 AS one FROM "users" WHERE "users"."session_token" = $1 LIMIT $2[0m  [["session_token", "f5E/QAmzAex7SIwjHc88mQ=="], ["LIMIT", 1]]
  ↳ db/seeds.rb:12
  [1m[36mUser Create (0.2ms)[0m  [1m[32mINSERT INTO "users" ("username", "password_digest", "session_token", "created_at", "updated_at") VALUES ($1, $2, $3, $4, $5) RETURNING "id"[0m  [["username", "Despacito Man #6"], ["password_digest", "$2a$12$t8hukt1qg1czBgIc43VeNeP3AGSHVRVdsQDnMZen35wZ1oUHaAQf."], ["session_token", "f5E/QAmzAex7SIwjHc88mQ=="], ["created_at", "2020-12-14 16:12:23.385174"], ["updated_at", "2020-12-14 16:12:23.385174"]]
  ↳ db/seeds.rb:12
  [1m[35m (1.4ms)[0m  [1m[35mCOMMIT[0m
  ↳ db/seeds.rb:12
  [1m[35m (0.2ms)[0m  [1m[35mBEGIN[0m
  ↳ db/seeds.rb:12
  [1m[36mUser Exists (0.4ms)[0m  [1m[34mSELECT  1 AS one FROM "users" WHERE "users"."username" = $1 LIMIT $2[0m  [["username", "Despacito Man #7"], ["LIMIT", 1]]
  ↳ db/seeds.rb:12
  [1m[36mUser Exists (0.2ms)[0m  [1m[34mSELECT  1 AS one FROM "users" WHERE "users"."session_token" = $1 LIMIT $2[0m  [["session_token", "47G4x+uOJHXMdJqAaiGhdw=="], ["LIMIT", 1]]
  ↳ db/seeds.rb:12
  [1m[36mUser Create (0.2ms)[0m  [1m[32mINSERT INTO "users" ("username", "password_digest", "session_token", "created_at", "updated_at") VALUES ($1, $2, $3, $4, $5) RETURNING "id"[0m  [["username", "Despacito Man #7"], ["password_digest", "$2a$12$DgKB6WAqJTeNBYifvZcA6uO.CKJJwN0LTyWg2mQhCiDtOONIJElxa"], ["session_token", "47G4x+uOJHXMdJqAaiGhdw=="], ["created_at", "2020-12-14 16:12:23.652620"], ["updated_at", "2020-12-14 16:12:23.652620"]]
  ↳ db/seeds.rb:12
  [1m[35m (3.4ms)[0m  [1m[35mCOMMIT[0m
  ↳ db/seeds.rb:12
  [1m[35m (0.2ms)[0m  [1m[35mBEGIN[0m
  ↳ db/seeds.rb:12
  [1m[36mUser Exists (0.4ms)[0m  [1m[34mSELECT  1 AS one FROM "users" WHERE "users"."username" = $1 LIMIT $2[0m  [["username", "Despacito Man #8"], ["LIMIT", 1]]
  ↳ db/seeds.rb:12
  [1m[36mUser Exists (0.3ms)[0m  [1m[34mSELECT  1 AS one FROM "users" WHERE "users"."session_token" = $1 LIMIT $2[0m  [["session_token", "vb5Fg7cWMjVuOqvR04pXMg=="], ["LIMIT", 1]]
  ↳ db/seeds.rb:12
  [1m[36mUser Create (0.3ms)[0m  [1m[32mINSERT INTO "users" ("username", "password_digest", "session_token", "created_at", "updated_at") VALUES ($1, $2, $3, $4, $5) RETURNING "id"[0m  [["username", "Despacito Man #8"], ["password_digest", "$2a$12$9IyQl9B0vrnobTjaPhfzUu9LSS2yzjH/c0triUvPXxF8yZRd40zBe"], ["session_token", "vb5Fg7cWMjVuOqvR04pXMg=="], ["created_at", "2020-12-14 16:12:23.912368"], ["updated_at", "2020-12-14 16:12:23.912368"]]
  ↳ db/seeds.rb:12
  [1m[35m (1.9ms)[0m  [1m[35mCOMMIT[0m
  ↳ db/seeds.rb:12
  [1m[35m (0.1ms)[0m  [1m[35mBEGIN[0m
  ↳ db/seeds.rb:12
  [1m[36mUser Exists (0.3ms)[0m  [1m[34mSELECT  1 AS one FROM "users" WHERE "users"."username" = $1 LIMIT $2[0m  [["username", "Despacito Man #9"], ["LIMIT", 1]]
  ↳ db/seeds.rb:12
  [1m[36mUser Exists (5.2ms)[0m  [1m[34mSELECT  1 AS one FROM "users" WHERE "users"."session_token" = $1 LIMIT $2[0m  [["session_token", "d04f8ZZtlbSKueFr8r/BBA=="], ["LIMIT", 1]]
  ↳ db/seeds.rb:12
  [1m[36mUser Create (0.2ms)[0m  [1m[32mINSERT INTO "users" ("username", "password_digest", "session_token", "created_at", "updated_at") VALUES ($1, $2, $3, $4, $5) RETURNING "id"[0m  [["username", "Despacito Man #9"], ["password_digest", "$2a$12$x53/1MQZcxGKN5LYxi7HlOgMsneBtQWLq46D3mDFRUSuFV2x8qQ4u"], ["session_token", "d04f8ZZtlbSKueFr8r/BBA=="], ["created_at", "2020-12-14 16:12:24.184952"], ["updated_at", "2020-12-14 16:12:24.184952"]]
  ↳ db/seeds.rb:12
  [1m[35m (1.2ms)[0m  [1m[35mCOMMIT[0m
  ↳ db/seeds.rb:12
  [1m[35m (0.2ms)[0m  [1m[35mBEGIN[0m
  ↳ db/seeds.rb:12
  [1m[36mUser Exists (0.3ms)[0m  [1m[34mSELECT  1 AS one FROM "users" WHERE "users"."username" = $1 LIMIT $2[0m  [["username", "Despacito Man #10"], ["LIMIT", 1]]
  ↳ db/seeds.rb:12
  [1m[36mUser Exists (0.2ms)[0m  [1m[34mSELECT  1 AS one FROM "users" WHERE "users"."session_token" = $1 LIMIT $2[0m  [["session_token", "rhI7OKsOa13jnXTiZGpCzg=="], ["LIMIT", 1]]
  ↳ db/seeds.rb:12
  [1m[36mUser Create (0.5ms)[0m  [1m[32mINSERT INTO "users" ("username", "password_digest", "session_token", "created_at", "updated_at") VALUES ($1, $2, $3, $4, $5) RETURNING "id"[0m  [["username", "Despacito Man #10"], ["password_digest", "$2a$12$w85YwiFTSpe5bgBOIkQvZ.r/kkzCXyz/JArhUU4IpwwklCkDOpSxK"], ["session_token", "rhI7OKsOa13jnXTiZGpCzg=="], ["created_at", "2020-12-14 16:12:24.454310"], ["updated_at", "2020-12-14 16:12:24.454310"]]
  ↳ db/seeds.rb:12
  [1m[35m (1.6ms)[0m  [1m[35mCOMMIT[0m
  ↳ db/seeds.rb:12
  [1m[35m (0.2ms)[0m  [1m[35mBEGIN[0m
  ↳ db/seeds.rb:12
  [1m[36mUser Exists (0.3ms)[0m  [1m[34mSELECT  1 AS one FROM "users" WHERE "users"."username" = $1 LIMIT $2[0m  [["username", "Despacito Man #11"], ["LIMIT", 1]]
  ↳ db/seeds.rb:12
  [1m[36mUser Exists (0.2ms)[0m  [1m[34mSELECT  1 AS one FROM "users" WHERE "users"."session_token" = $1 LIMIT $2[0m  [["session_token", "gOfelxjEFDgo5hUpTl9JXQ=="], ["LIMIT", 1]]
  ↳ db/seeds.rb:12
  [1m[36mUser Create (0.2ms)[0m  [1m[32mINSERT INTO "users" ("username", "password_digest", "session_token", "created_at", "updated_at") VALUES ($1, $2, $3, $4, $5) RETURNING "id"[0m  [["username", "Despacito Man #11"], ["password_digest", "$2a$12$ldZaBBzazXL.albg9eJruuXu.gxybH6utG8FHwHSmWTEQi2uEQ0Cu"], ["session_token", "gOfelxjEFDgo5hUpTl9JXQ=="], ["created_at", "2020-12-14 16:12:24.717993"], ["updated_at", "2020-12-14 16:12:24.717993"]]
  ↳ db/seeds.rb:12
  [1m[35m (1.2ms)[0m  [1m[35mCOMMIT[0m
  ↳ db/seeds.rb:12
  [1m[35m (0.2ms)[0m  [1m[35mBEGIN[0m
  ↳ db/seeds.rb:12
  [1m[36mUser Exists (0.3ms)[0m  [1m[34mSELECT  1 AS one FROM "users" WHERE "users"."username" = $1 LIMIT $2[0m  [["username", "Despacito Man #12"], ["LIMIT", 1]]
  ↳ db/seeds.rb:12
  [1m[36mUser Exists (0.2ms)[0m  [1m[34mSELECT  1 AS one FROM "users" WHERE "users"."session_token" = $1 LIMIT $2[0m  [["session_token", "heYR7z8HUD5zv/kbrT0nIg=="], ["LIMIT", 1]]
  ↳ db/seeds.rb:12
  [1m[36mUser Create (0.2ms)[0m  [1m[32mINSERT INTO "users" ("username", "password_digest", "session_token", "created_at", "updated_at") VALUES ($1, $2, $3, $4, $5) RETURNING "id"[0m  [["username", "Despacito Man #12"], ["password_digest", "$2a$12$8YH11m1GSLHuqMulsU4mqulIEkoA2DhXIhyRaYgZ1vPeKYs6PLlLa"], ["session_token", "heYR7z8HUD5zv/kbrT0nIg=="], ["created_at", "2020-12-14 16:12:24.992568"], ["updated_at", "2020-12-14 16:12:24.992568"]]
  ↳ db/seeds.rb:12
  [1m[35m (1.3ms)[0m  [1m[35mCOMMIT[0m
  ↳ db/seeds.rb:12
  [1m[35m (0.2ms)[0m  [1m[35mBEGIN[0m
  ↳ db/seeds.rb:12
  [1m[36mUser Exists (0.4ms)[0m  [1m[34mSELECT  1 AS one FROM "users" WHERE "users"."username" = $1 LIMIT $2[0m  [["username", "Despacito Man #13"], ["LIMIT", 1]]
  ↳ db/seeds.rb:12
  [1m[36mUser Exists (0.6ms)[0m  [1m[34mSELECT  1 AS one FROM "users" WHERE "users"."session_token" = $1 LIMIT $2[0m  [["session_token", "tOSPDR4OUr94L9DEExa6cA=="], ["LIMIT", 1]]
  ↳ db/seeds.rb:12
  [1m[36mUser Create (0.6ms)[0m  [1m[32mINSERT INTO "users" ("username", "password_digest", "session_token", "created_at", "updated_at") VALUES ($1, $2, $3, $4, $5) RETURNING "id"[0m  [["username", "Despacito Man #13"], ["password_digest", "$2a$12$iOGrAX.dNbFQ/h3.GJtYheCoU9eWZDkQBsQCv2SJPUaUfI4yEza7W"], ["session_token", "tOSPDR4OUr94L9DEExa6cA=="], ["created_at", "2020-12-14 16:12:25.264420"], ["updated_at", "2020-12-14 16:12:25.264420"]]
  ↳ db/seeds.rb:12
  [1m[35m (1.5ms)[0m  [1m[35mCOMMIT[0m
  ↳ db/seeds.rb:12
  [1m[35m (1.1ms)[0m  [1m[35mBEGIN[0m
  ↳ db/seeds.rb:12
  [1m[36mUser Exists (0.3ms)[0m  [1m[34mSELECT  1 AS one FROM "users" WHERE "users"."username" = $1 LIMIT $2[0m  [["username", "Despacito Man #14"], ["LIMIT", 1]]
  ↳ db/seeds.rb:12
  [1m[36mUser Exists (0.2ms)[0m  [1m[34mSELECT  1 AS one FROM "users" WHERE "users"."session_token" = $1 LIMIT $2[0m  [["session_token", "sxqbYpjztG3VGM1ZvdPi2A=="], ["LIMIT", 1]]
  ↳ db/seeds.rb:12
  [1m[36mUser Create (0.2ms)[0m  [1m[32mINSERT INTO "users" ("username", "password_digest", "session_token", "created_at", "updated_at") VALUES ($1, $2, $3, $4, $5) RETURNING "id"[0m  [["username", "Despacito Man #14"], ["password_digest", "$2a$12$mcnyiQmejybQdhWdLjL.Hu0MnR4OTcTrnXL8T3p2GgLobsc33Zm1O"], ["session_token", "sxqbYpjztG3VGM1ZvdPi2A=="], ["created_at", "2020-12-14 16:12:25.537911"], ["updated_at", "2020-12-14 16:12:25.537911"]]
  ↳ db/seeds.rb:12
  [1m[35m (1.3ms)[0m  [1m[35mCOMMIT[0m
  ↳ db/seeds.rb:12
  [1m[35m (0.1ms)[0m  [1m[35mBEGIN[0m
  ↳ db/seeds.rb:12
  [1m[36mUser Exists (0.4ms)[0m  [1m[34mSELECT  1 AS one FROM "users" WHERE "users"."username" = $1 LIMIT $2[0m  [["username", "Despacito Man #15"], ["LIMIT", 1]]
  ↳ db/seeds.rb:12
  [1m[36mUser Exists (0.2ms)[0m  [1m[34mSELECT  1 AS one FROM "users" WHERE "users"."session_token" = $1 LIMIT $2[0m  [["session_token", "gR6v12l+ZfcMnPYHMbc9+w=="], ["LIMIT", 1]]
  ↳ db/seeds.rb:12
  [1m[36mUser Create (2.3ms)[0m  [1m[32mINSERT INTO "users" ("username", "password_digest", "session_token", "created_at", "updated_at") VALUES ($1, $2, $3, $4, $5) RETURNING "id"[0m  [["username", "Despacito Man #15"], ["password_digest", "$2a$12$oEkvh1VBP67xxfI1Y0meaeop17kn0UwBDyrC2HXxWxbfF6ZN4Qo02"], ["session_token", "gR6v12l+ZfcMnPYHMbc9+w=="], ["created_at", "2020-12-14 16:12:25.812555"], ["updated_at", "2020-12-14 16:12:25.812555"]]
  ↳ db/seeds.rb:12
  [1m[35m (1.4ms)[0m  [1m[35mCOMMIT[0m
  ↳ db/seeds.rb:12
  [1m[35m (0.2ms)[0m  [1m[35mBEGIN[0m
  ↳ db/seeds.rb:12
  [1m[36mUser Exists (0.3ms)[0m  [1m[34mSELECT  1 AS one FROM "users" WHERE "users"."username" = $1 LIMIT $2[0m  [["username", "Despacito Man #16"], ["LIMIT", 1]]
  ↳ db/seeds.rb:12
  [1m[36mUser Exists (0.2ms)[0m  [1m[34mSELECT  1 AS one FROM "users" WHERE "users"."session_token" = $1 LIMIT $2[0m  [["session_token", "WLPBqjLI45DzeFFTk4FWGA=="], ["LIMIT", 1]]
  ↳ db/seeds.rb:12
  [1m[36mUser Create (0.2ms)[0m  [1m[32mINSERT INTO "users" ("username", "password_digest", "session_token", "created_at", "updated_at") VALUES ($1, $2, $3, $4, $5) RETURNING "id"[0m  [["username", "Despacito Man #16"], ["password_digest", "$2a$12$0A1ycYHqeEniJO3ojb/dP.skowTQP/RYJy4YemgxvyrOSzm1J8r9W"], ["session_token", "WLPBqjLI45DzeFFTk4FWGA=="], ["created_at", "2020-12-14 16:12:26.089615"], ["updated_at", "2020-12-14 16:12:26.089615"]]
  ↳ db/seeds.rb:12
  [1m[35m (1.4ms)[0m  [1m[35mCOMMIT[0m
  ↳ db/seeds.rb:12
  [1m[35m (0.1ms)[0m  [1m[35mBEGIN[0m
  ↳ db/seeds.rb:12
  [1m[36mUser Exists (0.3ms)[0m  [1m[34mSELECT  1 AS one FROM "users" WHERE "users"."username" = $1 LIMIT $2[0m  [["username", "Despacito Man #17"], ["LIMIT", 1]]
  ↳ db/seeds.rb:12
  [1m[36mUser Exists (0.2ms)[0m  [1m[34mSELECT  1 AS one FROM "users" WHERE "users"."session_token" = $1 LIMIT $2[0m  [["session_token", "z1S0/DAr4Ln6E8Pu/dlg+A=="], ["LIMIT", 1]]
  ↳ db/seeds.rb:12
  [1m[36mUser Create (0.2ms)[0m  [1m[32mINSERT INTO "users" ("username", "password_digest", "session_token", "created_at", "updated_at") VALUES ($1, $2, $3, $4, $5) RETURNING "id"[0m  [["username", "Despacito Man #17"], ["password_digest", "$2a$12$qCddcGkjeBYjfGVExgJSZOeg0CpnRJbO5IhDbmSLQdxOnGBYoFByq"], ["session_token", "z1S0/DAr4Ln6E8Pu/dlg+A=="], ["created_at", "2020-12-14 16:12:26.369575"], ["updated_at", "2020-12-14 16:12:26.369575"]]
  ↳ db/seeds.rb:12
  [1m[35m (1.3ms)[0m  [1m[35mCOMMIT[0m
  ↳ db/seeds.rb:12
  [1m[35m (0.2ms)[0m  [1m[35mBEGIN[0m
  ↳ db/seeds.rb:12
  [1m[36mUser Exists (0.4ms)[0m  [1m[34mSELECT  1 AS one FROM "users" WHERE "users"."username" = $1 LIMIT $2[0m  [["username", "Despacito Man #18"], ["LIMIT", 1]]
  ↳ db/seeds.rb:12
  [1m[36mUser Exists (0.3ms)[0m  [1m[34mSELECT  1 AS one FROM "users" WHERE "users"."session_token" = $1 LIMIT $2[0m  [["session_token", "56QRcIHwEE3SB2a/aztLuw=="], ["LIMIT", 1]]
  ↳ db/seeds.rb:12
  [1m[36mUser Create (0.3ms)[0m  [1m[32mINSERT INTO "users" ("username", "password_digest", "session_token", "created_at", "updated_at") VALUES ($1, $2, $3, $4, $5) RETURNING "id"[0m  [["username", "Despacito Man #18"], ["password_digest", "$2a$12$B/vJN.mAxRtk0WlERIrfVuuSqB.JclBB0X.8BDSIY.DxYcc.5RSXG"], ["session_token", "56QRcIHwEE3SB2a/aztLuw=="], ["created_at", "2020-12-14 16:12:26.640723"], ["updated_at", "2020-12-14 16:12:26.640723"]]
  ↳ db/seeds.rb:12
  [1m[35m (1.5ms)[0m  [1m[35mCOMMIT[0m
  ↳ db/seeds.rb:12
  [1m[35m (0.4ms)[0m  [1m[35mBEGIN[0m
  ↳ db/seeds.rb:12
  [1m[36mUser Exists (0.4ms)[0m  [1m[34mSELECT  1 AS one FROM "users" WHERE "users"."username" = $1 LIMIT $2[0m  [["username", "Despacito Man #19"], ["LIMIT", 1]]
  ↳ db/seeds.rb:12
  [1m[36mUser Exists (0.3ms)[0m  [1m[34mSELECT  1 AS one FROM "users" WHERE "users"."session_token" = $1 LIMIT $2[0m  [["session_token", "MZLFc2PNK/gxjCMRzZeoyg=="], ["LIMIT", 1]]
  ↳ db/seeds.rb:12
  [1m[36mUser Create (0.3ms)[0m  [1m[32mINSERT INTO "users" ("username", "password_digest", "session_token", "created_at", "updated_at") VALUES ($1, $2, $3, $4, $5) RETURNING "id"[0m  [["username", "Despacito Man #19"], ["password_digest", "$2a$12$IvCJrYnkdpknO8u361NdXe/acenTLtTlhf.Xxjrpn3TzcTor.hJIe"], ["session_token", "MZLFc2PNK/gxjCMRzZeoyg=="], ["created_at", "2020-12-14 16:12:26.913651"], ["updated_at", "2020-12-14 16:12:26.913651"]]
  ↳ db/seeds.rb:12
  [1m[35m (4.1ms)[0m  [1m[35mCOMMIT[0m
  ↳ db/seeds.rb:12
  [1m[35m (0.2ms)[0m  [1m[35mBEGIN[0m
  ↳ db/seeds.rb:12
  [1m[36mUser Exists (0.3ms)[0m  [1m[34mSELECT  1 AS one FROM "users" WHERE "users"."username" = $1 LIMIT $2[0m  [["username", "Despacito Man #20"], ["LIMIT", 1]]
  ↳ db/seeds.rb:12
  [1m[36mUser Exists (0.2ms)[0m  [1m[34mSELECT  1 AS one FROM "users" WHERE "users"."session_token" = $1 LIMIT $2[0m  [["session_token", "M9+1uoFTQ+hPsDJydumvSA=="], ["LIMIT", 1]]
  ↳ db/seeds.rb:12
  [1m[36mUser Create (0.3ms)[0m  [1m[32mINSERT INTO "users" ("username", "password_digest", "session_token", "created_at", "updated_at") VALUES ($1, $2, $3, $4, $5) RETURNING "id"[0m  [["username", "Despacito Man #20"], ["password_digest", "$2a$12$3bKQn8sF0pQglIGXkduQVO5vsD8WkNCGC7W7N9EtL6XURrHexdCsm"], ["session_token", "M9+1uoFTQ+hPsDJydumvSA=="], ["created_at", "2020-12-14 16:12:27.192337"], ["updated_at", "2020-12-14 16:12:27.192337"]]
  ↳ db/seeds.rb:12
  [1m[35m (1.5ms)[0m  [1m[35mCOMMIT[0m
  ↳ db/seeds.rb:12
  [1m[35m (0.7ms)[0m  [1m[34mSELECT "schema_migrations"."version" FROM "schema_migrations" ORDER BY "schema_migrations"."version" ASC[0m
  ↳ bin/rails:9
  [1m[36mUser Load (26.4ms)[0m  [1m[34mSELECT "users".* FROM "users"[0m
  ↳ db/seeds.rb:9
  [1m[35m (0.2ms)[0m  [1m[35mBEGIN[0m
  ↳ db/seeds.rb:9
  [1m[36mUser Destroy (0.8ms)[0m  [1m[31mDELETE FROM "users" WHERE "users"."id" = $1[0m  [["id", 1]]
  ↳ db/seeds.rb:9
  [1m[35m (7.1ms)[0m  [1m[35mCOMMIT[0m
  ↳ db/seeds.rb:9
  [1m[35m (0.1ms)[0m  [1m[35mBEGIN[0m
  ↳ db/seeds.rb:9
  [1m[36mUser Destroy (0.3ms)[0m  [1m[31mDELETE FROM "users" WHERE "users"."id" = $1[0m  [["id", 2]]
  ↳ db/seeds.rb:9
  [1m[35m (1.4ms)[0m  [1m[35mCOMMIT[0m
  ↳ db/seeds.rb:9
  [1m[35m (0.2ms)[0m  [1m[35mBEGIN[0m
  ↳ db/seeds.rb:9
  [1m[36mUser Destroy (0.4ms)[0m  [1m[31mDELETE FROM "users" WHERE "users"."id" = $1[0m  [["id", 3]]
  ↳ db/seeds.rb:9
  [1m[35m (1.2ms)[0m  [1m[35mCOMMIT[0m
  ↳ db/seeds.rb:9
  [1m[35m (0.1ms)[0m  [1m[35mBEGIN[0m
  ↳ db/seeds.rb:9
  [1m[36mUser Destroy (0.4ms)[0m  [1m[31mDELETE FROM "users" WHERE "users"."id" = $1[0m  [["id", 4]]
  ↳ db/seeds.rb:9
  [1m[35m (1.4ms)[0m  [1m[35mCOMMIT[0m
  ↳ db/seeds.rb:9
  [1m[35m (0.1ms)[0m  [1m[35mBEGIN[0m
  ↳ db/seeds.rb:9
  [1m[36mUser Destroy (0.3ms)[0m  [1m[31mDELETE FROM "users" WHERE "users"."id" = $1[0m  [["id", 5]]
  ↳ db/seeds.rb:9
  [1m[35m (1.1ms)[0m  [1m[35mCOMMIT[0m
  ↳ db/seeds.rb:9
  [1m[35m (0.1ms)[0m  [1m[35mBEGIN[0m
  ↳ db/seeds.rb:9
  [1m[36mUser Destroy (0.3ms)[0m  [1m[31mDELETE FROM "users" WHERE "users"."id" = $1[0m  [["id", 6]]
  ↳ db/seeds.rb:9
  [1m[35m (1.1ms)[0m  [1m[35mCOMMIT[0m
  ↳ db/seeds.rb:9
  [1m[35m (0.1ms)[0m  [1m[35mBEGIN[0m
  ↳ db/seeds.rb:9
  [1m[36mUser Destroy (0.2ms)[0m  [1m[31mDELETE FROM "users" WHERE "users"."id" = $1[0m  [["id", 7]]
  ↳ db/seeds.rb:9
  [1m[35m (1.3ms)[0m  [1m[35mCOMMIT[0m
  ↳ db/seeds.rb:9
  [1m[35m (0.1ms)[0m  [1m[35mBEGIN[0m
  ↳ db/seeds.rb:9
  [1m[36mUser Destroy (0.3ms)[0m  [1m[31mDELETE FROM "users" WHERE "users"."id" = $1[0m  [["id", 8]]
  ↳ db/seeds.rb:9
  [1m[35m (1.2ms)[0m  [1m[35mCOMMIT[0m
  ↳ db/seeds.rb:9
  [1m[35m (0.1ms)[0m  [1m[35mBEGIN[0m
  ↳ db/seeds.rb:9
  [1m[36mUser Destroy (0.2ms)[0m  [1m[31mDELETE FROM "users" WHERE "users"."id" = $1[0m  [["id", 9]]
  ↳ db/seeds.rb:9
  [1m[35m (1.1ms)[0m  [1m[35mCOMMIT[0m
  ↳ db/seeds.rb:9
  [1m[35m (0.1ms)[0m  [1m[35mBEGIN[0m
  ↳ db/seeds.rb:9
  [1m[36mUser Destroy (0.2ms)[0m  [1m[31mDELETE FROM "users" WHERE "users"."id" = $1[0m  [["id", 10]]
  ↳ db/seeds.rb:9
  [1m[35m (1.0ms)[0m  [1m[35mCOMMIT[0m
  ↳ db/seeds.rb:9
  [1m[35m (0.1ms)[0m  [1m[35mBEGIN[0m
  ↳ db/seeds.rb:9
  [1m[36mUser Destroy (0.2ms)[0m  [1m[31mDELETE FROM "users" WHERE "users"."id" = $1[0m  [["id", 11]]
  ↳ db/seeds.rb:9
  [1m[35m (1.0ms)[0m  [1m[35mCOMMIT[0m
  ↳ db/seeds.rb:9
  [1m[35m (0.1ms)[0m  [1m[35mBEGIN[0m
  ↳ db/seeds.rb:9
  [1m[36mUser Destroy (0.2ms)[0m  [1m[31mDELETE FROM "users" WHERE "users"."id" = $1[0m  [["id", 12]]
  ↳ db/seeds.rb:9
  [1m[35m (1.1ms)[0m  [1m[35mCOMMIT[0m
  ↳ db/seeds.rb:9
  [1m[35m (0.1ms)[0m  [1m[35mBEGIN[0m
  ↳ db/seeds.rb:9
  [1m[36mUser Destroy (0.2ms)[0m  [1m[31mDELETE FROM "users" WHERE "users"."id" = $1[0m  [["id", 13]]
  ↳ db/seeds.rb:9
  [1m[35m (1.9ms)[0m  [1m[35mCOMMIT[0m
  ↳ db/seeds.rb:9
  [1m[35m (0.2ms)[0m  [1m[35mBEGIN[0m
  ↳ db/seeds.rb:9
  [1m[36mUser Destroy (0.3ms)[0m  [1m[31mDELETE FROM "users" WHERE "users"."id" = $1[0m  [["id", 14]]
  ↳ db/seeds.rb:9
  [1m[35m (1.6ms)[0m  [1m[35mCOMMIT[0m
  ↳ db/seeds.rb:9
  [1m[35m (0.1ms)[0m  [1m[35mBEGIN[0m
  ↳ db/seeds.rb:9
  [1m[36mUser Destroy (0.2ms)[0m  [1m[31mDELETE FROM "users" WHERE "users"."id" = $1[0m  [["id", 15]]
  ↳ db/seeds.rb:9
  [1m[35m (1.2ms)[0m  [1m[35mCOMMIT[0m
  ↳ db/seeds.rb:9
  [1m[35m (0.2ms)[0m  [1m[35mBEGIN[0m
  ↳ db/seeds.rb:9
  [1m[36mUser Destroy (0.3ms)[0m  [1m[31mDELETE FROM "users" WHERE "users"."id" = $1[0m  [["id", 16]]
  ↳ db/seeds.rb:9
  [1m[35m (1.2ms)[0m  [1m[35mCOMMIT[0m
  ↳ db/seeds.rb:9
  [1m[35m (0.1ms)[0m  [1m[35mBEGIN[0m
  ↳ db/seeds.rb:9
  [1m[36mUser Destroy (0.2ms)[0m  [1m[31mDELETE FROM "users" WHERE "users"."id" = $1[0m  [["id", 17]]
  ↳ db/seeds.rb:9
  [1m[35m (1.2ms)[0m  [1m[35mCOMMIT[0m
  ↳ db/seeds.rb:9
  [1m[35m (0.1ms)[0m  [1m[35mBEGIN[0m
  ↳ db/seeds.rb:9
  [1m[36mUser Destroy (0.2ms)[0m  [1m[31mDELETE FROM "users" WHERE "users"."id" = $1[0m  [["id", 18]]
  ↳ db/seeds.rb:9
  [1m[35m (1.1ms)[0m  [1m[35mCOMMIT[0m
  ↳ db/seeds.rb:9
  [1m[35m (0.1ms)[0m  [1m[35mBEGIN[0m
  ↳ db/seeds.rb:9
  [1m[36mUser Destroy (0.7ms)[0m  [1m[31mDELETE FROM "users" WHERE "users"."id" = $1[0m  [["id", 19]]
  ↳ db/seeds.rb:9
  [1m[35m (1.2ms)[0m  [1m[35mCOMMIT[0m
  ↳ db/seeds.rb:9
  [1m[35m (0.1ms)[0m  [1m[35mBEGIN[0m
  ↳ db/seeds.rb:9
  [1m[36mUser Destroy (0.3ms)[0m  [1m[31mDELETE FROM "users" WHERE "users"."id" = $1[0m  [["id", 20]]
  ↳ db/seeds.rb:9
  [1m[35m (1.6ms)[0m  [1m[35mCOMMIT[0m
  ↳ db/seeds.rb:9
  [1m[35m (0.1ms)[0m  [1m[35mBEGIN[0m
  ↳ db/seeds.rb:12
  [1m[36mUser Exists (0.7ms)[0m  [1m[34mSELECT  1 AS one FROM "users" WHERE "users"."username" = $1 LIMIT $2[0m  [["username", "Despacito Man #1"], ["LIMIT", 1]]
  ↳ db/seeds.rb:12
  [1m[36mUser Exists (0.4ms)[0m  [1m[34mSELECT  1 AS one FROM "users" WHERE "users"."session_token" = $1 LIMIT $2[0m  [["session_token", "Irt4D3idZDRkIII7vWkLbA=="], ["LIMIT", 1]]
  ↳ db/seeds.rb:12
  [1m[36mUser Create (0.5ms)[0m  [1m[32mINSERT INTO "users" ("username", "password_digest", "session_token", "created_at", "updated_at") VALUES ($1, $2, $3, $4, $5) RETURNING "id"[0m  [["username", "Despacito Man #1"], ["password_digest", "$2a$12$RwLHLvhx2f7xe8t7i5fYvuEzIAiWWt0dgQRTXtWYSiTd/VWrmbc02"], ["session_token", "Irt4D3idZDRkIII7vWkLbA=="], ["created_at", "2020-12-14 16:12:43.994411"], ["updated_at", "2020-12-14 16:12:43.994411"]]
  ↳ db/seeds.rb:12
  [1m[35m (2.8ms)[0m  [1m[35mCOMMIT[0m
  ↳ db/seeds.rb:12
  [1m[35m (0.3ms)[0m  [1m[35mBEGIN[0m
  ↳ db/seeds.rb:12
  [1m[36mUser Exists (0.9ms)[0m  [1m[34mSELECT  1 AS one FROM "users" WHERE "users"."username" = $1 LIMIT $2[0m  [["username", "Despacito Man #2"], ["LIMIT", 1]]
  ↳ db/seeds.rb:12
  [1m[36mUser Exists (0.8ms)[0m  [1m[34mSELECT  1 AS one FROM "users" WHERE "users"."session_token" = $1 LIMIT $2[0m  [["session_token", "FuiIRp36TJTXpE+7/o4X5w=="], ["LIMIT", 1]]
  ↳ db/seeds.rb:12
  [1m[36mUser Create (0.8ms)[0m  [1m[32mINSERT INTO "users" ("username", "password_digest", "session_token", "created_at", "updated_at") VALUES ($1, $2, $3, $4, $5) RETURNING "id"[0m  [["username", "Despacito Man #2"], ["password_digest", "$2a$12$Y0goj2bcvSod6dqLc5sXRuGpAOPD.2tq6bu4HMUHxCJrQQm41y/Dy"], ["session_token", "FuiIRp36TJTXpE+7/o4X5w=="], ["created_at", "2020-12-14 16:12:44.264670"], ["updated_at", "2020-12-14 16:12:44.264670"]]
  ↳ db/seeds.rb:12
  [1m[35m (2.9ms)[0m  [1m[35mCOMMIT[0m
  ↳ db/seeds.rb:12
  [1m[35m (0.1ms)[0m  [1m[35mBEGIN[0m
  ↳ db/seeds.rb:12
  [1m[36mUser Exists (0.3ms)[0m  [1m[34mSELECT  1 AS one FROM "users" WHERE "users"."username" = $1 LIMIT $2[0m  [["username", "Despacito Man #3"], ["LIMIT", 1]]
  ↳ db/seeds.rb:12
  [1m[36mUser Exists (0.2ms)[0m  [1m[34mSELECT  1 AS one FROM "users" WHERE "users"."session_token" = $1 LIMIT $2[0m  [["session_token", "9kyovbbRQbIRwJL24o0oFw=="], ["LIMIT", 1]]
  ↳ db/seeds.rb:12
  [1m[36mUser Create (0.2ms)[0m  [1m[32mINSERT INTO "users" ("username", "password_digest", "session_token", "created_at", "updated_at") VALUES ($1, $2, $3, $4, $5) RETURNING "id"[0m  [["username", "Despacito Man #3"], ["password_digest", "$2a$12$8sYGzrTSd8moify81sx6juZr8slkMKdxzTKIdAPnQoACqQpNCmmL2"], ["session_token", "9kyovbbRQbIRwJL24o0oFw=="], ["created_at", "2020-12-14 16:12:44.550811"], ["updated_at", "2020-12-14 16:12:44.550811"]]
  ↳ db/seeds.rb:12
  [1m[35m (1.5ms)[0m  [1m[35mCOMMIT[0m
  ↳ db/seeds.rb:12
  [1m[35m (0.1ms)[0m  [1m[35mBEGIN[0m
  ↳ db/seeds.rb:12
  [1m[36mUser Exists (0.3ms)[0m  [1m[34mSELECT  1 AS one FROM "users" WHERE "users"."username" = $1 LIMIT $2[0m  [["username", "Despacito Man #4"], ["LIMIT", 1]]
  ↳ db/seeds.rb:12
  [1m[36mUser Exists (0.2ms)[0m  [1m[34mSELECT  1 AS one FROM "users" WHERE "users"."session_token" = $1 LIMIT $2[0m  [["session_token", "RQDcMMq1mIvv63e5pkmMRA=="], ["LIMIT", 1]]
  ↳ db/seeds.rb:12
  [1m[36mUser Create (0.2ms)[0m  [1m[32mINSERT INTO "users" ("username", "password_digest", "session_token", "created_at", "updated_at") VALUES ($1, $2, $3, $4, $5) RETURNING "id"[0m  [["username", "Despacito Man #4"], ["password_digest", "$2a$12$/Smq0reQcPXNhA4VbvwMjOusMNIGz6567HgEKmojyfjSGCyEFY5Ea"], ["session_token", "RQDcMMq1mIvv63e5pkmMRA=="], ["created_at", "2020-12-14 16:12:44.838738"], ["updated_at", "2020-12-14 16:12:44.838738"]]
  ↳ db/seeds.rb:12
  [1m[35m (1.2ms)[0m  [1m[35mCOMMIT[0m
  ↳ db/seeds.rb:12
  [1m[35m (0.3ms)[0m  [1m[35mBEGIN[0m
  ↳ db/seeds.rb:12
  [1m[36mUser Exists (0.8ms)[0m  [1m[34mSELECT  1 AS one FROM "users" WHERE "users"."username" = $1 LIMIT $2[0m  [["username", "Despacito Man #5"], ["LIMIT", 1]]
  ↳ db/seeds.rb:12
  [1m[36mUser Exists (0.4ms)[0m  [1m[34mSELECT  1 AS one FROM "users" WHERE "users"."session_token" = $1 LIMIT $2[0m  [["session_token", "R0z8shPGodCVMyPY726pnw=="], ["LIMIT", 1]]
  ↳ db/seeds.rb:12
  [1m[36mUser Create (0.6ms)[0m  [1m[32mINSERT INTO "users" ("username", "password_digest", "session_token", "created_at", "updated_at") VALUES ($1, $2, $3, $4, $5) RETURNING "id"[0m  [["username", "Despacito Man #5"], ["password_digest", "$2a$12$JgSzH/2Q.4N95bx9GGhRROEG9HBbPSGmU/m2/vIfWmIFPb6xR0eX2"], ["session_token", "R0z8shPGodCVMyPY726pnw=="], ["created_at", "2020-12-14 16:12:45.111332"], ["updated_at", "2020-12-14 16:12:45.111332"]]
  ↳ db/seeds.rb:12
  [1m[35m (2.1ms)[0m  [1m[35mCOMMIT[0m
  ↳ db/seeds.rb:12
  [1m[35m (0.2ms)[0m  [1m[35mBEGIN[0m
  ↳ db/seeds.rb:12
  [1m[36mUser Exists (0.3ms)[0m  [1m[34mSELECT  1 AS one FROM "users" WHERE "users"."username" = $1 LIMIT $2[0m  [["username", "Despacito Man #6"], ["LIMIT", 1]]
  ↳ db/seeds.rb:12
  [1m[36mUser Exists (0.2ms)[0m  [1m[34mSELECT  1 AS one FROM "users" WHERE "users"."session_token" = $1 LIMIT $2[0m  [["session_token", "99OxwOYTUrLUH1xWIIeRpw=="], ["LIMIT", 1]]
  ↳ db/seeds.rb:12
  [1m[36mUser Create (0.3ms)[0m  [1m[32mINSERT INTO "users" ("username", "password_digest", "session_token", "created_at", "updated_at") VALUES ($1, $2, $3, $4, $5) RETURNING "id"[0m  [["username", "Despacito Man #6"], ["password_digest", "$2a$12$Hgkgp8zcCbQNsAflFIHIwuQTI0jOO9/18VSPeF9ErkFHlDKZ6ci3W"], ["session_token", "99OxwOYTUrLUH1xWIIeRpw=="], ["created_at", "2020-12-14 16:12:45.386870"], ["updated_at", "2020-12-14 16:12:45.386870"]]
  ↳ db/seeds.rb:12
  [1m[35m (1.5ms)[0m  [1m[35mCOMMIT[0m
  ↳ db/seeds.rb:12
  [1m[35m (0.4ms)[0m  [1m[35mBEGIN[0m
  ↳ db/seeds.rb:12
  [1m[36mUser Exists (0.3ms)[0m  [1m[34mSELECT  1 AS one FROM "users" WHERE "users"."username" = $1 LIMIT $2[0m  [["username", "Despacito Man #7"], ["LIMIT", 1]]
  ↳ db/seeds.rb:12
  [1m[36mUser Exists (0.3ms)[0m  [1m[34mSELECT  1 AS one FROM "users" WHERE "users"."session_token" = $1 LIMIT $2[0m  [["session_token", "FIyM0g+NJCyRkyRx8h4WKw=="], ["LIMIT", 1]]
  ↳ db/seeds.rb:12
  [1m[36mUser Create (0.4ms)[0m  [1m[32mINSERT INTO "users" ("username", "password_digest", "session_token", "created_at", "updated_at") VALUES ($1, $2, $3, $4, $5) RETURNING "id"[0m  [["username", "Despacito Man #7"], ["password_digest", "$2a$12$r5f9bN/93R.QtL6hGGOOZ.7gzxk97Pm1EiK4/8CB/4OWp4clZl0Yy"], ["session_token", "FIyM0g+NJCyRkyRx8h4WKw=="], ["created_at", "2020-12-14 16:12:45.668336"], ["updated_at", "2020-12-14 16:12:45.668336"]]
  ↳ db/seeds.rb:12
  [1m[35m (1.2ms)[0m  [1m[35mCOMMIT[0m
  ↳ db/seeds.rb:12
  [1m[35m (0.1ms)[0m  [1m[35mBEGIN[0m
  ↳ db/seeds.rb:12
  [1m[36mUser Exists (0.3ms)[0m  [1m[34mSELECT  1 AS one FROM "users" WHERE "users"."username" = $1 LIMIT $2[0m  [["username", "Despacito Man #8"], ["LIMIT", 1]]
  ↳ db/seeds.rb:12
  [1m[36mUser Exists (0.2ms)[0m  [1m[34mSELECT  1 AS one FROM "users" WHERE "users"."session_token" = $1 LIMIT $2[0m  [["session_token", "allExmKTy7hECRbBGE7WQg=="], ["LIMIT", 1]]
  ↳ db/seeds.rb:12
  [1m[36mUser Create (0.2ms)[0m  [1m[32mINSERT INTO "users" ("username", "password_digest", "session_token", "created_at", "updated_at") VALUES ($1, $2, $3, $4, $5) RETURNING "id"[0m  [["username", "Despacito Man #8"], ["password_digest", "$2a$12$EdTAO6ngzZYbcDV5YBWLH.wdSQ0yAiVEefoDAz5V/6p6uiNJRx/fu"], ["session_token", "allExmKTy7hECRbBGE7WQg=="], ["created_at", "2020-12-14 16:12:45.945335"], ["updated_at", "2020-12-14 16:12:45.945335"]]
  ↳ db/seeds.rb:12
  [1m[35m (1.5ms)[0m  [1m[35mCOMMIT[0m
  ↳ db/seeds.rb:12
  [1m[35m (0.3ms)[0m  [1m[35mBEGIN[0m
  ↳ db/seeds.rb:12
  [1m[36mUser Exists (1.0ms)[0m  [1m[34mSELECT  1 AS one FROM "users" WHERE "users"."username" = $1 LIMIT $2[0m  [["username", "Despacito Man #9"], ["LIMIT", 1]]
  ↳ db/seeds.rb:12
  [1m[36mUser Exists (0.3ms)[0m  [1m[34mSELECT  1 AS one FROM "users" WHERE "users"."session_token" = $1 LIMIT $2[0m  [["session_token", "+uQpY1Mh4S1B34A3ZbHfoQ=="], ["LIMIT", 1]]
  ↳ db/seeds.rb:12
  [1m[36mUser Create (0.3ms)[0m  [1m[32mINSERT INTO "users" ("username", "password_digest", "session_token", "created_at", "updated_at") VALUES ($1, $2, $3, $4, $5) RETURNING "id"[0m  [["username", "Despacito Man #9"], ["password_digest", "$2a$12$6owHyMzxQmQ0Q047hApBDeNqpLyI.ix/AB.ZAzwHJQ90t6hv.IZxS"], ["session_token", "+uQpY1Mh4S1B34A3ZbHfoQ=="], ["created_at", "2020-12-14 16:12:46.221306"], ["updated_at", "2020-12-14 16:12:46.221306"]]
  ↳ db/seeds.rb:12
  [1m[35m (1.2ms)[0m  [1m[35mCOMMIT[0m
  ↳ db/seeds.rb:12
  [1m[35m (0.2ms)[0m  [1m[35mBEGIN[0m
  ↳ db/seeds.rb:12
  [1m[36mUser Exists (0.4ms)[0m  [1m[34mSELECT  1 AS one FROM "users" WHERE "users"."username" = $1 LIMIT $2[0m  [["username", "Despacito Man #10"], ["LIMIT", 1]]
  ↳ db/seeds.rb:12
  [1m[36mUser Exists (0.5ms)[0m  [1m[34mSELECT  1 AS one FROM "users" WHERE "users"."session_token" = $1 LIMIT $2[0m  [["session_token", "K7/4+vgdYS143GGfw+oa8w=="], ["LIMIT", 1]]
  ↳ db/seeds.rb:12
  [1m[36mUser Create (0.3ms)[0m  [1m[32mINSERT INTO "users" ("username", "password_digest", "session_token", "created_at", "updated_at") VALUES ($1, $2, $3, $4, $5) RETURNING "id"[0m  [["username", "Despacito Man #10"], ["password_digest", "$2a$12$gCx9dSx8Ci4dwUaq0n1rEu.t7YfAJtiyjB6S.YOKhufu0452QZol2"], ["session_token", "K7/4+vgdYS143GGfw+oa8w=="], ["created_at", "2020-12-14 16:12:46.499029"], ["updated_at", "2020-12-14 16:12:46.499029"]]
  ↳ db/seeds.rb:12
  [1m[35m (1.5ms)[0m  [1m[35mCOMMIT[0m
  ↳ db/seeds.rb:12
  [1m[35m (0.3ms)[0m  [1m[35mBEGIN[0m
  ↳ db/seeds.rb:12
  [1m[36mUser Exists (0.5ms)[0m  [1m[34mSELECT  1 AS one FROM "users" WHERE "users"."username" = $1 LIMIT $2[0m  [["username", "Despacito Man #11"], ["LIMIT", 1]]
  ↳ db/seeds.rb:12
  [1m[36mUser Exists (0.4ms)[0m  [1m[34mSELECT  1 AS one FROM "users" WHERE "users"."session_token" = $1 LIMIT $2[0m  [["session_token", "tohvJQaj1+y+6xP35asHVg=="], ["LIMIT", 1]]
  ↳ db/seeds.rb:12
  [1m[36mUser Create (0.3ms)[0m  [1m[32mINSERT INTO "users" ("username", "password_digest", "session_token", "created_at", "updated_at") VALUES ($1, $2, $3, $4, $5) RETURNING "id"[0m  [["username", "Despacito Man #11"], ["password_digest", "$2a$12$yYivw9wnEcJu5Zg6/T0Xs.dWKU0ukacwNHNQPGB.PoJM98TaA95hO"], ["session_token", "tohvJQaj1+y+6xP35asHVg=="], ["created_at", "2020-12-14 16:12:46.775105"], ["updated_at", "2020-12-14 16:12:46.775105"]]
  ↳ db/seeds.rb:12
  [1m[35m (1.3ms)[0m  [1m[35mCOMMIT[0m
  ↳ db/seeds.rb:12
  [1m[35m (0.2ms)[0m  [1m[35mBEGIN[0m
  ↳ db/seeds.rb:12
  [1m[36mUser Exists (0.6ms)[0m  [1m[34mSELECT  1 AS one FROM "users" WHERE "users"."username" = $1 LIMIT $2[0m  [["username", "Despacito Man #12"], ["LIMIT", 1]]
  ↳ db/seeds.rb:12
  [1m[36mUser Exists (0.4ms)[0m  [1m[34mSELECT  1 AS one FROM "users" WHERE "users"."session_token" = $1 LIMIT $2[0m  [["session_token", "aqLBCYYpU6IXqfzJ5zdltg=="], ["LIMIT", 1]]
  ↳ db/seeds.rb:12
  [1m[36mUser Create (0.4ms)[0m  [1m[32mINSERT INTO "users" ("username", "password_digest", "session_token", "created_at", "updated_at") VALUES ($1, $2, $3, $4, $5) RETURNING "id"[0m  [["username", "Despacito Man #12"], ["password_digest", "$2a$12$Y8OsFzbQ3HAROVwzMALRK.iieXbGRSyDoOydm3lZGlH15ki3PLm.2"], ["session_token", "aqLBCYYpU6IXqfzJ5zdltg=="], ["created_at", "2020-12-14 16:12:47.059135"], ["updated_at", "2020-12-14 16:12:47.059135"]]
  ↳ db/seeds.rb:12
  [1m[35m (2.4ms)[0m  [1m[35mCOMMIT[0m
  ↳ db/seeds.rb:12
  [1m[35m (0.2ms)[0m  [1m[35mBEGIN[0m
  ↳ db/seeds.rb:12
  [1m[36mUser Exists (0.4ms)[0m  [1m[34mSELECT  1 AS one FROM "users" WHERE "users"."username" = $1 LIMIT $2[0m  [["username", "Despacito Man #13"], ["LIMIT", 1]]
  ↳ db/seeds.rb:12
  [1m[36mUser Exists (0.3ms)[0m  [1m[34mSELECT  1 AS one FROM "users" WHERE "users"."session_token" = $1 LIMIT $2[0m  [["session_token", "oz2KkecH+vIfNKhyr8l5MA=="], ["LIMIT", 1]]
  ↳ db/seeds.rb:12
  [1m[36mUser Create (0.4ms)[0m  [1m[32mINSERT INTO "users" ("username", "password_digest", "session_token", "created_at", "updated_at") VALUES ($1, $2, $3, $4, $5) RETURNING "id"[0m  [["username", "Despacito Man #13"], ["password_digest", "$2a$12$stB0MTogdf2VGQBvqc1kC.YdyxE8bdiyqwUZ3hgHobEJjz9UQhJLy"], ["session_token", "oz2KkecH+vIfNKhyr8l5MA=="], ["created_at", "2020-12-14 16:12:47.325529"], ["updated_at", "2020-12-14 16:12:47.325529"]]
  ↳ db/seeds.rb:12
  [1m[35m (2.3ms)[0m  [1m[35mCOMMIT[0m
  ↳ db/seeds.rb:12
  [1m[35m (0.3ms)[0m  [1m[35mBEGIN[0m
  ↳ db/seeds.rb:12
  [1m[36mUser Exists (0.4ms)[0m  [1m[34mSELECT  1 AS one FROM "users" WHERE "users"."username" = $1 LIMIT $2[0m  [["username", "Despacito Man #14"], ["LIMIT", 1]]
  ↳ db/seeds.rb:12
  [1m[36mUser Exists (0.5ms)[0m  [1m[34mSELECT  1 AS one FROM "users" WHERE "users"."session_token" = $1 LIMIT $2[0m  [["session_token", "nuVcxrH4XYEKleEbrWM1Rg=="], ["LIMIT", 1]]
  ↳ db/seeds.rb:12
  [1m[36mUser Create (0.3ms)[0m  [1m[32mINSERT INTO "users" ("username", "password_digest", "session_token", "created_at", "updated_at") VALUES ($1, $2, $3, $4, $5) RETURNING "id"[0m  [["username", "Despacito Man #14"], ["password_digest", "$2a$12$v.mlULyIKc0r.OWSwVYW0eg51xLXlCdUWPOgcfdwSx3TEG6jVq0ga"], ["session_token", "nuVcxrH4XYEKleEbrWM1Rg=="], ["created_at", "2020-12-14 16:12:47.593107"], ["updated_at", "2020-12-14 16:12:47.593107"]]
  ↳ db/seeds.rb:12
  [1m[35m (1.4ms)[0m  [1m[35mCOMMIT[0m
  ↳ db/seeds.rb:12
  [1m[35m (0.3ms)[0m  [1m[35mBEGIN[0m
  ↳ db/seeds.rb:12
  [1m[36mUser Exists (0.6ms)[0m  [1m[34mSELECT  1 AS one FROM "users" WHERE "users"."username" = $1 LIMIT $2[0m  [["username", "Despacito Man #15"], ["LIMIT", 1]]
  ↳ db/seeds.rb:12
  [1m[36mUser Exists (0.2ms)[0m  [1m[34mSELECT  1 AS one FROM "users" WHERE "users"."session_token" = $1 LIMIT $2[0m  [["session_token", "hne43wzh6H+90z8R2r3HoA=="], ["LIMIT", 1]]
  ↳ db/seeds.rb:12
  [1m[36mUser Create (0.3ms)[0m  [1m[32mINSERT INTO "users" ("username", "password_digest", "session_token", "created_at", "updated_at") VALUES ($1, $2, $3, $4, $5) RETURNING "id"[0m  [["username", "Despacito Man #15"], ["password_digest", "$2a$12$4ErU4nlVEKkEtZVTYNaQAuKt424CDKE551o7aCfWBEbJ3nG4KN/cO"], ["session_token", "hne43wzh6H+90z8R2r3HoA=="], ["created_at", "2020-12-14 16:12:47.859484"], ["updated_at", "2020-12-14 16:12:47.859484"]]
  ↳ db/seeds.rb:12
  [1m[35m (1.6ms)[0m  [1m[35mCOMMIT[0m
  ↳ db/seeds.rb:12
  [1m[35m (0.2ms)[0m  [1m[35mBEGIN[0m
  ↳ db/seeds.rb:12
  [1m[36mUser Exists (0.3ms)[0m  [1m[34mSELECT  1 AS one FROM "users" WHERE "users"."username" = $1 LIMIT $2[0m  [["username", "Despacito Man #16"], ["LIMIT", 1]]
  ↳ db/seeds.rb:12
  [1m[36mUser Exists (0.3ms)[0m  [1m[34mSELECT  1 AS one FROM "users" WHERE "users"."session_token" = $1 LIMIT $2[0m  [["session_token", "S4BZpZIF4xmToj+K5Rs77g=="], ["LIMIT", 1]]
  ↳ db/seeds.rb:12
  [1m[36mUser Create (0.3ms)[0m  [1m[32mINSERT INTO "users" ("username", "password_digest", "session_token", "created_at", "updated_at") VALUES ($1, $2, $3, $4, $5) RETURNING "id"[0m  [["username", "Despacito Man #16"], ["password_digest", "$2a$12$m7vXGDI0fS1aeKUOGMI1SOTkQx4ImDA6cDEgRzGmWZ/K3KiPmd4we"], ["session_token", "S4BZpZIF4xmToj+K5Rs77g=="], ["created_at", "2020-12-14 16:12:48.122111"], ["updated_at", "2020-12-14 16:12:48.122111"]]
  ↳ db/seeds.rb:12
  [1m[35m (1.7ms)[0m  [1m[35mCOMMIT[0m
  ↳ db/seeds.rb:12
  [1m[35m (0.2ms)[0m  [1m[35mBEGIN[0m
  ↳ db/seeds.rb:12
  [1m[36mUser Exists (0.3ms)[0m  [1m[34mSELECT  1 AS one FROM "users" WHERE "users"."username" = $1 LIMIT $2[0m  [["username", "Despacito Man #17"], ["LIMIT", 1]]
  ↳ db/seeds.rb:12
  [1m[36mUser Exists (0.2ms)[0m  [1m[34mSELECT  1 AS one FROM "users" WHERE "users"."session_token" = $1 LIMIT $2[0m  [["session_token", "6SP8LpoyTJoWFRZu2bJK6A=="], ["LIMIT", 1]]
  ↳ db/seeds.rb:12
  [1m[36mUser Create (0.3ms)[0m  [1m[32mINSERT INTO "users" ("username", "password_digest", "session_token", "created_at", "updated_at") VALUES ($1, $2, $3, $4, $5) RETURNING "id"[0m  [["username", "Despacito Man #17"], ["password_digest", "$2a$12$1x2pOfruaT7EPvHKyfRrWex6a1vG3eIUmA2Slhz2b0ZCkf7AE4ngC"], ["session_token", "6SP8LpoyTJoWFRZu2bJK6A=="], ["created_at", "2020-12-14 16:12:48.386999"], ["updated_at", "2020-12-14 16:12:48.386999"]]
  ↳ db/seeds.rb:12
  [1m[35m (1.8ms)[0m  [1m[35mCOMMIT[0m
  ↳ db/seeds.rb:12
  [1m[35m (0.1ms)[0m  [1m[35mBEGIN[0m
  ↳ db/seeds.rb:12
  [1m[36mUser Exists (0.3ms)[0m  [1m[34mSELECT  1 AS one FROM "users" WHERE "users"."username" = $1 LIMIT $2[0m  [["username", "Despacito Man #18"], ["LIMIT", 1]]
  ↳ db/seeds.rb:12
  [1m[36mUser Exists (0.2ms)[0m  [1m[34mSELECT  1 AS one FROM "users" WHERE "users"."session_token" = $1 LIMIT $2[0m  [["session_token", "ThX0cpXjUnqqDt6DTivo4A=="], ["LIMIT", 1]]
  ↳ db/seeds.rb:12
  [1m[36mUser Create (0.3ms)[0m  [1m[32mINSERT INTO "users" ("username", "password_digest", "session_token", "created_at", "updated_at") VALUES ($1, $2, $3, $4, $5) RETURNING "id"[0m  [["username", "Despacito Man #18"], ["password_digest", "$2a$12$Mbqrlc5vpGTNzQ3/SSeLr.ZcGZ.NZg6IaWgBdSAzcATPtJh1PCooC"], ["session_token", "ThX0cpXjUnqqDt6DTivo4A=="], ["created_at", "2020-12-14 16:12:48.680686"], ["updated_at", "2020-12-14 16:12:48.680686"]]
  ↳ db/seeds.rb:12
  [1m[35m (1.3ms)[0m  [1m[35mCOMMIT[0m
  ↳ db/seeds.rb:12
  [1m[35m (0.3ms)[0m  [1m[35mBEGIN[0m
  ↳ db/seeds.rb:12
  [1m[36mUser Exists (0.3ms)[0m  [1m[34mSELECT  1 AS one FROM "users" WHERE "users"."username" = $1 LIMIT $2[0m  [["username", "Despacito Man #19"], ["LIMIT", 1]]
  ↳ db/seeds.rb:12
  [1m[36mUser Exists (0.2ms)[0m  [1m[34mSELECT  1 AS one FROM "users" WHERE "users"."session_token" = $1 LIMIT $2[0m  [["session_token", "s3pMDzsH+0s/FXYr7OmIUg=="], ["LIMIT", 1]]
  ↳ db/seeds.rb:12
  [1m[36mUser Create (0.2ms)[0m  [1m[32mINSERT INTO "users" ("username", "password_digest", "session_token", "created_at", "updated_at") VALUES ($1, $2, $3, $4, $5) RETURNING "id"[0m  [["username", "Despacito Man #19"], ["password_digest", "$2a$12$SNwEBZ7WdLlrndQRTyp4HeM16BVFpsdpCQAOsbKInlGnRGcnQYrG."], ["session_token", "s3pMDzsH+0s/FXYr7OmIUg=="], ["created_at", "2020-12-14 16:12:48.959683"], ["updated_at", "2020-12-14 16:12:48.959683"]]
  ↳ db/seeds.rb:12
  [1m[35m (1.5ms)[0m  [1m[35mCOMMIT[0m
  ↳ db/seeds.rb:12
  [1m[35m (0.2ms)[0m  [1m[35mBEGIN[0m
  ↳ db/seeds.rb:12
  [1m[36mUser Exists (0.3ms)[0m  [1m[34mSELECT  1 AS one FROM "users" WHERE "users"."username" = $1 LIMIT $2[0m  [["username", "Despacito Man #20"], ["LIMIT", 1]]
  ↳ db/seeds.rb:12
  [1m[36mUser Exists (0.3ms)[0m  [1m[34mSELECT  1 AS one FROM "users" WHERE "users"."session_token" = $1 LIMIT $2[0m  [["session_token", "AVQeUKN61sASB2CuFZ0yjQ=="], ["LIMIT", 1]]
  ↳ db/seeds.rb:12
  [1m[36mUser Create (0.2ms)[0m  [1m[32mINSERT INTO "users" ("username", "password_digest", "session_token", "created_at", "updated_at") VALUES ($1, $2, $3, $4, $5) RETURNING "id"[0m  [["username", "Despacito Man #20"], ["password_digest", "$2a$12$JKWsZLQfItgXer0ihV68uerlCxiKIV05AslFU1wLD1B.HQBEzeh0K"], ["session_token", "AVQeUKN61sASB2CuFZ0yjQ=="], ["created_at", "2020-12-14 16:12:49.224904"], ["updated_at", "2020-12-14 16:12:49.224904"]]
  ↳ db/seeds.rb:12
  [1m[35m (1.6ms)[0m  [1m[35mCOMMIT[0m
  ↳ db/seeds.rb:12
  [1m[36mUser Load (0.7ms)[0m  [1m[34mSELECT  "users".* FROM "users" LIMIT $1[0m  [["LIMIT", 11]]
  [1m[36mUser Load (0.5ms)[0m  [1m[34mSELECT  "users".* FROM "users" ORDER BY "users"."id" ASC LIMIT $1[0m  [["LIMIT", 1]]
Started GET "/" for ::1 at 2020-12-14 11:27:37 -0500
  [1m[35m (1.1ms)[0m  [1m[34mSELECT "schema_migrations"."version" FROM "schema_migrations" ORDER BY "schema_migrations"."version" ASC[0m
  ↳ /home/josemiralles/.rbenv/versions/2.5.1/lib/ruby/gems/2.5.0/gems/activerecord-5.2.4.4/lib/active_record/log_subscriber.rb:98
Processing by Rails::WelcomeController#index as HTML
  Rendering /home/josemiralles/.rbenv/versions/2.5.1/lib/ruby/gems/2.5.0/gems/railties-5.2.4.4/lib/rails/templates/rails/welcome/index.html.erb
  Rendered /home/josemiralles/.rbenv/versions/2.5.1/lib/ruby/gems/2.5.0/gems/railties-5.2.4.4/lib/rails/templates/rails/welcome/index.html.erb (8.9ms)
Completed 200 OK in 66ms (Views: 41.1ms | ActiveRecord: 0.0ms)


Started GET "/users" for ::1 at 2020-12-14 11:27:53 -0500
Processing by UsersController#index as HTML
  [1m[36mUser Load (28.7ms)[0m  [1m[34mSELECT  "users".* FROM "users" WHERE "users"."session_token" IS NULL LIMIT $1[0m  [["LIMIT", 1]]
  ↳ app/controllers/application_controller.rb:6
Completed 500 Internal Server Error in 231ms (ActiveRecord: 30.2ms)


  
NameError (undefined local variable or method `new_session_url' for #<UsersController:0x00007fffdd89aeb0>
Did you mean?  new_user_url):
  
app/controllers/application_controller.rb:25:in `ensure_signed_in'
  [1m[35m (295.9ms)[0m  [1m[35mCREATE DATABASE "reddit_clone_development" ENCODING = 'unicode'[0m
  ↳ bin/rails:9
  [1m[35m (162.0ms)[0m  [1m[35mCREATE DATABASE "reddit_clone_test" ENCODING = 'unicode'[0m
  ↳ bin/rails:9
  [1m[35m (28.1ms)[0m  [1m[35mCREATE TABLE "schema_migrations" ("version" character varying NOT NULL PRIMARY KEY)[0m
  ↳ bin/rails:9
  [1m[35m (9.4ms)[0m  [1m[35mCREATE TABLE "ar_internal_metadata" ("key" character varying NOT NULL PRIMARY KEY, "value" character varying, "created_at" timestamp NOT NULL, "updated_at" timestamp NOT NULL)[0m
  ↳ bin/rails:9
  [1m[35m (0.8ms)[0m  [1m[34mSELECT pg_try_advisory_lock(688274183373989625)[0m
  ↳ bin/rails:9
  [1m[35m (0.7ms)[0m  [1m[34mSELECT "schema_migrations"."version" FROM "schema_migrations" ORDER BY "schema_migrations"."version" ASC[0m
  ↳ bin/rails:9
Migrating to CreateUsers (20201214155700)
  [1m[35m (0.2ms)[0m  [1m[35mBEGIN[0m
  ↳ bin/rails:9
  [1m[35m (16.1ms)[0m  [1m[35mCREATE TABLE "users" ("id" bigserial primary key, "username" character varying NOT NULL, "password_digest" character varying NOT NULL, "session_token" character varying NOT NULL, "created_at" timestamp NOT NULL, "updated_at" timestamp NOT NULL)[0m
  ↳ db/migrate/20201214155700_create_users.rb:3
  [1m[35m (2.3ms)[0m  [1m[35mCREATE UNIQUE INDEX  "index_users_on_username" ON "users"  ("username")[0m
  ↳ db/migrate/20201214155700_create_users.rb:11
  [1m[35m (1.4ms)[0m  [1m[35mCREATE UNIQUE INDEX  "index_users_on_session_token" ON "users"  ("session_token")[0m
  ↳ db/migrate/20201214155700_create_users.rb:12
  [1m[36mActiveRecord::SchemaMigration Create (0.4ms)[0m  [1m[32mINSERT INTO "schema_migrations" ("version") VALUES ($1) RETURNING "version"[0m  [["version", "20201214155700"]]
  ↳ bin/rails:9
  [1m[35m (0.9ms)[0m  [1m[35mCOMMIT[0m
  ↳ bin/rails:9
Migrating to CreateSub (20201214165537)
  [1m[35m (1.1ms)[0m  [1m[35mBEGIN[0m
  ↳ bin/rails:9
  [1m[35m (5.7ms)[0m  [1m[35mCREATE TABLE "subs" ("id" bigserial primary key, "title" character varying NOT NULL, "moderator_id" integer NOT NULL, "description" text NOT NULL)[0m
  ↳ db/migrate/20201214165537_create_sub.rb:3
  [1m[35m (1.2ms)[0m  [1m[35mCREATE  INDEX  "index_subs_on_moderator_id" ON "subs"  ("moderator_id")[0m
  ↳ db/migrate/20201214165537_create_sub.rb:9
  [1m[35m (31.3ms)[0m  [1m[35mCREATE UNIQUE INDEX  "index_subs_on_title" ON "subs"  ("title")[0m
  ↳ db/migrate/20201214165537_create_sub.rb:10
  [1m[36mActiveRecord::SchemaMigration Create (4.8ms)[0m  [1m[32mINSERT INTO "schema_migrations" ("version") VALUES ($1) RETURNING "version"[0m  [["version", "20201214165537"]]
  ↳ bin/rails:9
  [1m[35m (19.2ms)[0m  [1m[35mCOMMIT[0m
  ↳ bin/rails:9
  [1m[36mActiveRecord::InternalMetadata Load (0.7ms)[0m  [1m[34mSELECT  "ar_internal_metadata".* FROM "ar_internal_metadata" WHERE "ar_internal_metadata"."key" = $1 LIMIT $2[0m  [["key", "environment"], ["LIMIT", 1]]
  ↳ bin/rails:9
  [1m[35m (0.2ms)[0m  [1m[35mBEGIN[0m
  ↳ bin/rails:9
  [1m[36mActiveRecord::InternalMetadata Create (0.5ms)[0m  [1m[32mINSERT INTO "ar_internal_metadata" ("key", "value", "created_at", "updated_at") VALUES ($1, $2, $3, $4) RETURNING "key"[0m  [["key", "environment"], ["value", "development"], ["created_at", "2020-12-14 17:02:34.548698"], ["updated_at", "2020-12-14 17:02:34.548698"]]
  ↳ bin/rails:9
  [1m[35m (0.5ms)[0m  [1m[35mCOMMIT[0m
  ↳ bin/rails:9
  [1m[35m (0.3ms)[0m  [1m[34mSELECT pg_advisory_unlock(688274183373989625)[0m
  ↳ bin/rails:9
  [1m[35m (0.3ms)[0m  [1m[34mSELECT "schema_migrations"."version" FROM "schema_migrations" ORDER BY "schema_migrations"."version" ASC[0m
  ↳ bin/rails:9
  [1m[35m (0.4ms)[0m  [1m[34mSELECT pg_try_advisory_lock(688274183373989625)[0m
  ↳ bin/rails:9
  [1m[35m (1.6ms)[0m  [1m[34mSELECT "schema_migrations"."version" FROM "schema_migrations" ORDER BY "schema_migrations"."version" ASC[0m
  ↳ bin/rails:9
Migrating to CreateSubs (20201214170324)
  [1m[35m (0.2ms)[0m  [1m[35mBEGIN[0m
  ↳ bin/rails:9
  [1m[35m (15.5ms)[0m  [1m[35mCREATE TABLE "subs" ("id" bigserial primary key, "created_at" timestamp NOT NULL, "updated_at" timestamp NOT NULL)[0m
  ↳ db/migrate/20201214170324_create_subs.rb:3
  [1m[35m (0.1ms)[0m  [1m[31mROLLBACK[0m
  ↳ bin/rails:9
  [1m[35m (0.3ms)[0m  [1m[34mSELECT pg_advisory_unlock(688274183373989625)[0m
  ↳ bin/rails:9
  [1m[35m (0.2ms)[0m  [1m[34mSELECT pg_try_advisory_lock(688274183373989625)[0m
  ↳ bin/rails:9
  [1m[35m (0.8ms)[0m  [1m[34mSELECT "schema_migrations"."version" FROM "schema_migrations" ORDER BY "schema_migrations"."version" ASC[0m
  ↳ bin/rails:9
Migrating to CreatePosts (20201214190641)
  [1m[35m (0.1ms)[0m  [1m[35mBEGIN[0m
  ↳ bin/rails:9
  [1m[35m (6.7ms)[0m  [1m[35mCREATE TABLE "posts" ("id" bigserial primary key, "title" character varying NOT NULL, "url" character varying, "content" text, "author_id" integer NOT NULL, "created_at" timestamp NOT NULL, "updated_at" timestamp NOT NULL)[0m
  ↳ db/migrate/20201214190641_create_posts.rb:3
  [1m[35m (1.2ms)[0m  [1m[35mCREATE  INDEX  "index_posts_on_author_id" ON "posts"  ("author_id")[0m
  ↳ db/migrate/20201214190641_create_posts.rb:12
  [1m[35m (1.8ms)[0m  [1m[35mCREATE  INDEX  "index_posts_on_title" ON "posts"  ("title")[0m
  ↳ db/migrate/20201214190641_create_posts.rb:13
  [1m[36mActiveRecord::SchemaMigration Create (0.5ms)[0m  [1m[32mINSERT INTO "schema_migrations" ("version") VALUES ($1) RETURNING "version"[0m  [["version", "20201214190641"]]
  ↳ bin/rails:9
  [1m[35m (0.6ms)[0m  [1m[35mCOMMIT[0m
  ↳ bin/rails:9
  [1m[36mActiveRecord::InternalMetadata Load (1.8ms)[0m  [1m[34mSELECT  "ar_internal_metadata".* FROM "ar_internal_metadata" WHERE "ar_internal_metadata"."key" = $1 LIMIT $2[0m  [["key", "environment"], ["LIMIT", 1]]
  ↳ bin/rails:9
  [1m[35m (0.2ms)[0m  [1m[35mBEGIN[0m
  ↳ bin/rails:9
  [1m[35m (0.1ms)[0m  [1m[35mCOMMIT[0m
  ↳ bin/rails:9
  [1m[35m (0.5ms)[0m  [1m[34mSELECT pg_advisory_unlock(688274183373989625)[0m
  ↳ bin/rails:9
  [1m[35m (0.2ms)[0m  [1m[34mSELECT "schema_migrations"."version" FROM "schema_migrations" ORDER BY "schema_migrations"."version" ASC[0m
  ↳ bin/rails:9
  [1m[35m (0.7ms)[0m  [1m[34mSELECT "schema_migrations"."version" FROM "schema_migrations" ORDER BY "schema_migrations"."version" ASC[0m
  ↳ bin/rails:9
  [1m[35m (0.2ms)[0m  [1m[34mSELECT "schema_migrations"."version" FROM "schema_migrations" ORDER BY "schema_migrations"."version" ASC[0m
  ↳ bin/rails:9
  [1m[35m (0.2ms)[0m  [1m[34mSELECT "schema_migrations"."version" FROM "schema_migrations" ORDER BY "schema_migrations"."version" ASC[0m
  ↳ bin/rails:9
  [1m[35m (0.2ms)[0m  [1m[34mSELECT pg_try_advisory_lock(688274183373989625)[0m
  ↳ bin/rails:9
  [1m[35m (0.4ms)[0m  [1m[34mSELECT "schema_migrations"."version" FROM "schema_migrations" ORDER BY "schema_migrations"."version" ASC[0m
  ↳ bin/rails:9
Migrating to CreatePosts (20201214190641)
  [1m[35m (0.2ms)[0m  [1m[35mBEGIN[0m
  ↳ bin/rails:9
  [1m[35m (15.2ms)[0m  [1m[35mDROP INDEX  "index_posts_on_title"[0m
  ↳ bin/rails:9
  [1m[35m (0.3ms)[0m  [1m[35mDROP INDEX  "index_posts_on_author_id"[0m
  ↳ bin/rails:9
  [1m[35m (10.0ms)[0m  [1m[35mDROP TABLE "posts"[0m
  ↳ bin/rails:9
  [1m[36mActiveRecord::SchemaMigration Destroy (0.5ms)[0m  [1m[31mDELETE FROM "schema_migrations" WHERE "schema_migrations"."version" = $1[0m  [["version", "20201214190641"]]
  ↳ bin/rails:9
  [1m[35m (6.8ms)[0m  [1m[35mCOMMIT[0m
  ↳ bin/rails:9
  [1m[35m (0.9ms)[0m  [1m[34mSELECT pg_advisory_unlock(688274183373989625)[0m
  ↳ bin/rails:9
  [1m[35m (2.8ms)[0m  [1m[34mSELECT "schema_migrations"."version" FROM "schema_migrations" ORDER BY "schema_migrations"."version" ASC[0m
  ↳ bin/rails:9
  [1m[35m (0.2ms)[0m  [1m[34mSELECT pg_try_advisory_lock(688274183373989625)[0m
  ↳ bin/rails:9
  [1m[35m (1.1ms)[0m  [1m[34mSELECT "schema_migrations"."version" FROM "schema_migrations" ORDER BY "schema_migrations"."version" ASC[0m
  ↳ bin/rails:9
Migrating to CreatePosts (20201214190641)
  [1m[35m (0.2ms)[0m  [1m[35mBEGIN[0m
  ↳ bin/rails:9
  [1m[35m (18.4ms)[0m  [1m[35mCREATE TABLE "posts" ("id" bigserial primary key, "title" character varying NOT NULL, "url" character varying, "content" text, "author_id" integer NOT NULL, "sub_id" integer NOT NULL, "created_at" timestamp NOT NULL, "updated_at" timestamp NOT NULL)[0m
  ↳ db/migrate/20201214190641_create_posts.rb:3
  [1m[35m (1.5ms)[0m  [1m[35mCREATE  INDEX  "index_posts_on_author_id" ON "posts"  ("author_id")[0m
  ↳ db/migrate/20201214190641_create_posts.rb:13
  [1m[35m (1.1ms)[0m  [1m[35mCREATE  INDEX  "index_posts_on_title" ON "posts"  ("title")[0m
  ↳ db/migrate/20201214190641_create_posts.rb:14
  [1m[35m (1.2ms)[0m  [1m[35mCREATE  INDEX  "index_posts_on_sub_id" ON "posts"  ("sub_id")[0m
  ↳ db/migrate/20201214190641_create_posts.rb:15
  [1m[36mActiveRecord::SchemaMigration Create (1.8ms)[0m  [1m[32mINSERT INTO "schema_migrations" ("version") VALUES ($1) RETURNING "version"[0m  [["version", "20201214190641"]]
  ↳ bin/rails:9
  [1m[35m (19.1ms)[0m  [1m[35mCOMMIT[0m
  ↳ bin/rails:9
  [1m[36mActiveRecord::InternalMetadata Load (0.5ms)[0m  [1m[34mSELECT  "ar_internal_metadata".* FROM "ar_internal_metadata" WHERE "ar_internal_metadata"."key" = $1 LIMIT $2[0m  [["key", "environment"], ["LIMIT", 1]]
  ↳ bin/rails:9
  [1m[35m (0.4ms)[0m  [1m[35mBEGIN[0m
  ↳ bin/rails:9
  [1m[35m (0.2ms)[0m  [1m[35mCOMMIT[0m
  ↳ bin/rails:9
  [1m[35m (0.2ms)[0m  [1m[34mSELECT pg_advisory_unlock(688274183373989625)[0m
  ↳ bin/rails:9
  [1m[35m (0.2ms)[0m  [1m[34mSELECT "schema_migrations"."version" FROM "schema_migrations" ORDER BY "schema_migrations"."version" ASC[0m
  ↳ bin/rails:9
